<?xml version="1.0" encoding="UTF-8"?>
<!-- Generated by org.testng.reporters.JUnitReportReporter -->
<testsuite hostname="LAPTOP-DU1OUDR0" failures="0" tests="1" name="swaglabTestLayer.LoginPageTest" time="6.439" errors="0" timestamp="2023-08-02T21:02:44 IST" skipped="0">
  <testcase classname="swaglabTestLayer.LoginPageTest" name="VerifyLoginfunctionality" time="6.439"/>
  <system-out/>
</testsuite> <!-- swaglabTestLayer.LoginPageTest -->
